# JRE version: OpenJDK Runtime Environment Microsoft-7621296 (11.0.19+7) (build 11.0.19+7-LTS)
# Java VM: OpenJDK 64-Bit Server VM Microsoft-7621296 (11.0.19+7-LTS, mixed mode, tiered, compressed oops, g1 gc, windows-amd64)
Heap:
 garbage-first heap   total 264192K, used 146425K [0x0000000080000000, 0x0000000100000000)
  region size 1024K, 3 young (3072K), 3 survivors (3072K)
 Metaspace       used 108665K, capacity 111668K, committed 111956K, reserved 614400K
  class space    used 14089K, capacity 15308K, committed 15436K, reserved 516096K
GC Heap History (20 events):
Event: 42.231 GC heap after
{Heap after GC invocations=59 (full 0):
 garbage-first heap   total 220160K, used 128779K [0x0000000080000000, 0x0000000100000000)
  region size 1024K, 5 young (5120K), 5 survivors (5120K)
 Metaspace       used 106670K, capacity 109644K, committed 109908K, reserved 612352K
  class space    used 13893K, capacity 15075K, committed 15180K, reserved 516096K
}
Event: 43.010 GC heap before
{Heap before GC invocations=60 (full 0):
 garbage-first heap   total 220160K, used 158475K [0x0000000080000000, 0x0000000100000000)
  region size 1024K, 32 young (32768K), 5 survivors (5120K)
 Metaspace       used 106846K, capacity 109988K, committed 110164K, reserved 612352K
  class space    used 13908K, capacity 15142K, committed 15180K, reserved 516096K
}
Event: 43.019 GC heap after
{Heap after GC invocations=61 (full 0):
 garbage-first heap   total 220160K, used 131120K [0x0000000080000000, 0x0000000100000000)
  region size 1024K, 5 young (5120K), 5 survivors (5120K)
 Metaspace       used 106846K, capacity 109988K, committed 110164K, reserved 612352K
  class space    used 13908K, capacity 15142K, committed 15180K, reserved 516096K
}
Event: 43.535 GC heap before
{Heap before GC invocations=62 (full 0):
 garbage-first heap   total 220160K, used 170032K [0x0000000080000000, 0x0000000100000000)
  region size 1024K, 37 young (37888K), 5 survivors (5120K)
 Metaspace       used 106961K, capacity 110141K, committed 110420K, reserved 612352K
  class space    used 13909K, capacity 15143K, committed 15180K, reserved 516096K
}
Event: 43.545 GC heap after
{Heap after GC invocations=63 (full 0):
 garbage-first heap   total 220160K, used 133847K [0x0000000080000000, 0x0000000100000000)
  region size 1024K, 5 young (5120K), 5 survivors (5120K)
 Metaspace       used 106961K, capacity 110141K, committed 110420K, reserved 612352K
  class space    used 13909K, capacity 15143K, committed 15180K, reserved 516096K
}
Event: 44.016 GC heap before
{Heap before GC invocations=64 (full 0):
 garbage-first heap   total 220160K, used 170711K [0x0000000080000000, 0x0000000100000000)
  region size 1024K, 35 young (35840K), 5 survivors (5120K)
 Metaspace       used 107111K, capacity 110223K, committed 110420K, reserved 612352K
  class space    used 13921K, capacity 15156K, committed 15180K, reserved 516096K
}
Event: 44.026 GC heap after
{Heap after GC invocations=65 (full 0):
 garbage-first heap   total 220160K, used 136968K [0x0000000080000000, 0x0000000100000000)
  region size 1024K, 6 young (6144K), 6 survivors (6144K)
 Metaspace       used 107111K, capacity 110223K, committed 110420K, reserved 612352K
  class space    used 13921K, capacity 15156K, committed 15180K, reserved 516096K
}
Event: 44.063 GC heap before
{Heap before GC invocations=65 (full 0):
 garbage-first heap   total 220160K, used 145160K [0x0000000080000000, 0x0000000100000000)
  region size 1024K, 10 young (10240K), 6 survivors (6144K)
 Metaspace       used 107111K, capacity 110223K, committed 110420K, reserved 612352K
  class space    used 13921K, capacity 15156K, committed 15180K, reserved 516096K
}
Event: 44.070 GC heap after
{Heap after GC invocations=66 (full 0):
 garbage-first heap   total 220160K, used 137873K [0x0000000080000000, 0x0000000100000000)
  region size 1024K, 2 young (2048K), 2 survivors (2048K)
 Metaspace       used 107111K, capacity 110223K, committed 110420K, reserved 612352K
  class space    used 13921K, capacity 15156K, committed 15180K, reserved 516096K
}
Event: 44.278 GC heap before
{Heap before GC invocations=66 (full 0):
 garbage-first heap   total 220160K, used 151185K [0x0000000080000000, 0x0000000100000000)
  region size 1024K, 16 young (16384K), 2 survivors (2048K)
 Metaspace       used 107111K, capacity 110223K, committed 110420K, reserved 612352K
  class space    used 13921K, capacity 15156K, committed 15180K, reserved 516096K
}
Event: 44.282 GC heap after
{Heap after GC invocations=67 (full 0):
 garbage-first heap   total 220160K, used 137866K [0x0000000080000000, 0x0000000100000000)
  region size 1024K, 2 young (2048K), 2 survivors (2048K)
 Metaspace       used 107111K, capacity 110223K, committed 110420K, reserved 612352K
  class space    used 13921K, capacity 15156K, committed 15180K, reserved 516096K
}
Event: 44.582 GC heap before
{Heap before GC invocations=68 (full 0):
 garbage-first heap   total 220160K, used 155274K [0x0000000080000000, 0x0000000100000000)
  region size 1024K, 20 young (20480K), 2 survivors (2048K)
 Metaspace       used 107551K, capacity 110648K, committed 110804K, reserved 612352K
  class space    used 13976K, capacity 15190K, committed 15308K, reserved 516096K
}
Event: 44.587 GC heap after
{Heap after GC invocations=69 (full 0):
 garbage-first heap   total 220160K, used 139640K [0x0000000080000000, 0x0000000100000000)
  region size 1024K, 3 young (3072K), 3 survivors (3072K)
 Metaspace       used 107551K, capacity 110648K, committed 110804K, reserved 612352K
  class space    used 13976K, capacity 15190K, committed 15308K, reserved 516096K
}
Event: 44.842 GC heap before
{Heap before GC invocations=69 (full 0):
 garbage-first heap   total 220160K, used 153976K [0x0000000080000000, 0x0000000100000000)
  region size 1024K, 18 young (18432K), 3 survivors (3072K)
 Metaspace       used 108246K, capacity 111335K, committed 111572K, reserved 614400K
  class space    used 14065K, capacity 15266K, committed 15308K, reserved 516096K
}
Event: 44.848 GC heap after
{Heap after GC invocations=70 (full 0):
 garbage-first heap   total 220160K, used 141380K [0x0000000080000000, 0x0000000100000000)
  region size 1024K, 2 young (2048K), 2 survivors (2048K)
 Metaspace       used 108246K, capacity 111335K, committed 111572K, reserved 614400K
  class space    used 14065K, capacity 15266K, committed 15308K, reserved 516096K
}
Event: 45.227 GC heap before
{Heap before GC invocations=70 (full 0):
 garbage-first heap   total 220160K, used 157764K [0x0000000080000000, 0x0000000100000000)
  region size 1024K, 19 young (19456K), 2 survivors (2048K)
 Metaspace       used 108619K, capacity 111665K, committed 111956K, reserved 614400K
  class space    used 14089K, capacity 15308K, committed 15436K, reserved 516096K
}
Event: 45.233 GC heap after
{Heap after GC invocations=71 (full 0):
 garbage-first heap   total 220160K, used 144137K [0x0000000080000000, 0x0000000100000000)
  region size 1024K, 3 young (3072K), 3 survivors (3072K)
 Metaspace       used 108619K, capacity 111665K, committed 111956K, reserved 614400K
  class space    used 14089K, capacity 15308K, committed 15436K, reserved 516096K
}
Event: 45.363 GC heap before
{Heap before GC invocations=72 (full 0):
 garbage-first heap   total 220160K, used 150281K [0x0000000080000000, 0x0000000100000000)
  region size 1024K, 11 young (11264K), 3 survivors (3072K)
 Metaspace       used 108650K, capacity 111668K, committed 111956K, reserved 614400K
  class space    used 14089K, capacity 15308K, committed 15436K, reserved 516096K
}
Event: 45.368 GC heap after
{Heap after GC invocations=73 (full 0):
 garbage-first heap   total 220160K, used 144559K [0x0000000080000000, 0x0000000100000000)
  region size 1024K, 1 young (1024K), 1 survivors (1024K)
 Metaspace       used 108650K, capacity 111668K, committed 111956K, reserved 614400K
  class space    used 14089K, capacity 15308K, committed 15436K, reserved 516096K
}
Event: 45.818 GC heap before
{Heap before GC invocations=73 (full 0):
 garbage-first heap   total 220160K, used 180399K [0x0000000080000000, 0x0000000100000000)
  region size 1024K, 29 young (29696K), 1 survivors (1024K)
 Metaspace       used 108665K, capacity 111668K, committed 111956K, reserved 614400K
  class space    used 14089K, capacity 15308K, committed 15436K, reserved 516096K
}

